# JRE version: Java(TM) SE Runtime Environment (11.0.3+12) (build 11.0.3+12-LTS)
# Java VM: Java HotSpot(TM) 64-Bit Server VM (11.0.3+12-LTS, mixed mode, tiered, compressed oops, g1 gc, windows-amd64)
Heap:
 garbage-first heap   total 262144K, used 30818K [0x00000000e0000000, 0x0000000100000000)
  region size 1024K, 20 young (20480K), 4 survivors (4096K)
 Metaspace       used 22912K, capacity 23278K, committed 23424K, reserved 274432K
  class space    used 2950K, capacity 3110K, committed 3200K, reserved 253952K
GC Heap History (10 events):
Event: 0.862 GC heap before
{Heap before GC invocations=0 (full 0):
 garbage-first heap   total 262144K, used 18432K [0x00000000e0000000, 0x0000000100000000)
  region size 1024K, 14 young (14336K), 0 survivors (0K)
 Metaspace       used 9421K, capacity 9648K, committed 9856K, reserved 264192K
  class space    used 955K, capacity 1028K, committed 1152K, reserved 253952K
}
Event: 0.868 GC heap after
{Heap after GC invocations=1 (full 0):
 garbage-first heap   total 262144K, used 7422K [0x00000000e0000000, 0x0000000100000000)
  region size 1024K, 2 young (2048K), 2 survivors (2048K)
 Metaspace       used 9421K, capacity 9648K, committed 9856K, reserved 264192K
  class space    used 955K, capacity 1028K, committed 1152K, reserved 253952K
}
Event: 1.239 GC heap before
{Heap before GC invocations=1 (full 0):
 garbage-first heap   total 262144K, used 17662K [0x00000000e0000000, 0x0000000100000000)
  region size 1024K, 12 young (12288K), 2 survivors (2048K)
 Metaspace       used 10702K, capacity 10918K, committed 11008K, reserved 264192K
  class space    used 1130K, capacity 1195K, committed 1280K, reserved 253952K
}
Event: 1.242 GC heap after
{Heap after GC invocations=2 (full 0):
 garbage-first heap   total 262144K, used 7940K [0x00000000e0000000, 0x0000000100000000)
  region size 1024K, 1 young (1024K), 1 survivors (1024K)
 Metaspace       used 10702K, capacity 10918K, committed 11008K, reserved 264192K
  class space    used 1130K, capacity 1195K, committed 1280K, reserved 253952K
}
Event: 1.854 GC heap before
{Heap before GC invocations=2 (full 0):
 garbage-first heap   total 262144K, used 35588K [0x00000000e0000000, 0x0000000100000000)
  region size 1024K, 28 young (28672K), 1 survivors (1024K)
 Metaspace       used 11243K, capacity 11486K, committed 11648K, reserved 264192K
  class space    used 1221K, capacity 1299K, committed 1408K, reserved 253952K
}
Event: 1.859 GC heap after
{Heap after GC invocations=3 (full 0):
 garbage-first heap   total 262144K, used 12558K [0x00000000e0000000, 0x0000000100000000)
  region size 1024K, 4 young (4096K), 4 survivors (4096K)
 Metaspace       used 11243K, capacity 11486K, committed 11648K, reserved 264192K
  class space    used 1221K, capacity 1299K, committed 1408K, reserved 253952K
}
Event: 3.693 GC heap before
{Heap before GC invocations=3 (full 0):
 garbage-first heap   total 262144K, used 55566K [0x00000000e0000000, 0x0000000100000000)
  region size 1024K, 46 young (47104K), 4 survivors (4096K)
 Metaspace       used 20013K, capacity 20448K, committed 20608K, reserved 272384K
  class space    used 2499K, capacity 2657K, committed 2688K, reserved 253952K
}
Event: 3.704 GC heap after
{Heap after GC invocations=4 (full 0):
 garbage-first heap   total 262144K, used 14953K [0x00000000e0000000, 0x0000000100000000)
  region size 1024K, 3 young (3072K), 3 survivors (3072K)
 Metaspace       used 20013K, capacity 20448K, committed 20608K, reserved 272384K
  class space    used 2499K, capacity 2657K, committed 2688K, reserved 253952K
}
Event: 3.859 GC heap before
{Heap before GC invocations=4 (full 0):
 garbage-first heap   total 262144K, used 20073K [0x00000000e0000000, 0x0000000100000000)
  region size 1024K, 9 young (9216K), 3 survivors (3072K)
 Metaspace       used 20757K, capacity 21129K, committed 21248K, reserved 272384K
  class space    used 2620K, capacity 2756K, committed 2816K, reserved 253952K
}
Event: 3.866 GC heap after
{Heap after GC invocations=5 (full 0):
 garbage-first heap   total 262144K, used 15458K [0x00000000e0000000, 0x0000000100000000)
  region size 1024K, 4 young (4096K), 4 survivors (4096K)
 Metaspace       used 20757K, capacity 21129K, committed 21248K, reserved 272384K
  class space    used 2620K, capacity 2756K, committed 2816K, reserved 253952K
}

