# JRE version: Java(TM) SE Runtime Environment (11.0.3+12) (build 11.0.3+12-LTS)
# Java VM: Java HotSpot(TM) 64-Bit Server VM (11.0.3+12-LTS, mixed mode, tiered, compressed oops, g1 gc, windows-amd64)
Heap:
 garbage-first heap   total 262144K, used 100313K [0x00000000e0000000, 0x0000000100000000)
  region size 1024K, 80 young (81920K), 20 survivors (20480K)
 Metaspace       used 54435K, capacity 55546K, committed 55808K, reserved 303104K
  class space    used 6946K, capacity 7341K, committed 7424K, reserved 253952K
GC Heap History (10 events):
Event: 4.025 GC heap before
{Heap before GC invocations=4 (full 0):
 garbage-first heap   total 262144K, used 18666K [0x00000000e0000000, 0x0000000100000000)
  region size 1024K, 7 young (7168K), 3 survivors (3072K)
 Metaspace       used 20746K, capacity 21129K, committed 21248K, reserved 272384K
  class space    used 2619K, capacity 2756K, committed 2816K, reserved 253952K
}
Event: 4.032 GC heap after
{Heap after GC invocations=5 (full 0):
 garbage-first heap   total 262144K, used 15828K [0x00000000e0000000, 0x0000000100000000)
  region size 1024K, 3 young (3072K), 3 survivors (3072K)
 Metaspace       used 20746K, capacity 21129K, committed 21248K, reserved 272384K
  class space    used 2619K, capacity 2756K, committed 2816K, reserved 253952K
}
Event: 5.899 GC heap before
{Heap before GC invocations=6 (full 0):
 garbage-first heap   total 262144K, used 74196K [0x00000000e0000000, 0x0000000100000000)
  region size 1024K, 61 young (62464K), 3 survivors (3072K)
 Metaspace       used 31464K, capacity 31963K, committed 32128K, reserved 282624K
  class space    used 3944K, capacity 4127K, committed 4224K, reserved 253952K
}
Event: 5.913 GC heap after
{Heap after GC invocations=7 (full 0):
 garbage-first heap   total 262144K, used 19794K [0x00000000e0000000, 0x0000000100000000)
  region size 1024K, 7 young (7168K), 7 survivors (7168K)
 Metaspace       used 31464K, capacity 31963K, committed 32128K, reserved 282624K
  class space    used 3944K, capacity 4127K, committed 4224K, reserved 253952K
}
Event: 6.993 GC heap before
{Heap before GC invocations=7 (full 0):
 garbage-first heap   total 262144K, used 55634K [0x00000000e0000000, 0x0000000100000000)
  region size 1024K, 43 young (44032K), 7 survivors (7168K)
 Metaspace       used 35217K, capacity 35684K, committed 35840K, reserved 286720K
  class space    used 4552K, capacity 4705K, committed 4736K, reserved 253952K
}
Event: 7.004 GC heap after
{Heap after GC invocations=8 (full 0):
 garbage-first heap   total 262144K, used 21044K [0x00000000e0000000, 0x0000000100000000)
  region size 1024K, 6 young (6144K), 6 survivors (6144K)
 Metaspace       used 35217K, capacity 35684K, committed 35840K, reserved 286720K
  class space    used 4552K, capacity 4705K, committed 4736K, reserved 253952K
}
Event: 9.646 GC heap before
{Heap before GC invocations=9 (full 0):
 garbage-first heap   total 262144K, used 126516K [0x00000000e0000000, 0x0000000100000000)
  region size 1024K, 106 young (108544K), 6 survivors (6144K)
 Metaspace       used 42892K, capacity 43616K, committed 43776K, reserved 292864K
  class space    used 5605K, capacity 5824K, committed 5888K, reserved 253952K
}
Event: 9.670 GC heap after
{Heap after GC invocations=10 (full 0):
 garbage-first heap   total 262144K, used 27636K [0x00000000e0000000, 0x0000000100000000)
  region size 1024K, 12 young (12288K), 12 survivors (12288K)
 Metaspace       used 42892K, capacity 43616K, committed 43776K, reserved 292864K
  class space    used 5605K, capacity 5824K, committed 5888K, reserved 253952K
}
Event: 122.357 GC heap before
{Heap before GC invocations=10 (full 0):
 garbage-first heap   total 262144K, used 172020K [0x00000000e0000000, 0x0000000100000000)
  region size 1024K, 153 young (156672K), 12 survivors (12288K)
 Metaspace       used 53102K, capacity 54107K, committed 54400K, reserved 301056K
  class space    used 6895K, capacity 7258K, committed 7296K, reserved 253952K
}
Event: 122.397 GC heap after
{Heap after GC invocations=11 (full 0):
 garbage-first heap   total 262144K, used 39897K [0x00000000e0000000, 0x0000000100000000)
  region size 1024K, 20 young (20480K), 20 survivors (20480K)
 Metaspace       used 53102K, capacity 54107K, committed 54400K, reserved 301056K
  class space    used 6895K, capacity 7258K, committed 7296K, reserved 253952K
}

