# JRE version: OpenJDK Runtime Environment (11.0.3+12) (build 11.0.3+12-b304.10)
# Java VM: OpenJDK 64-Bit Server VM (11.0.3+12-b304.10, mixed mode, sharing, tiered, compressed oops, g1 gc, windows-amd64)
Heap:
 garbage-first heap   total 262144K, used 43976K [0x00000000e0000000, 0x0000000100000000)
  region size 1024K, 33 young (33792K), 3 survivors (3072K)
 Metaspace       used 17588K, capacity 17962K, committed 18176K, reserved 270336K
  class space    used 2540K, capacity 2697K, committed 2816K, reserved 253952K
GC Heap History (8 events):
Event: 0.703 GC heap before
{Heap before GC invocations=0 (full 0):
 garbage-first heap   total 262144K, used 18432K [0x00000000e0000000, 0x0000000100000000)
  region size 1024K, 14 young (14336K), 0 survivors (0K)
 Metaspace       used 2590K, capacity 5675K, committed 5760K, reserved 262144K
  class space    used 331K, capacity 637K, committed 640K, reserved 253952K
}
Event: 0.707 GC heap after
{Heap after GC invocations=1 (full 0):
 garbage-first heap   total 262144K, used 7336K [0x00000000e0000000, 0x0000000100000000)
  region size 1024K, 2 young (2048K), 2 survivors (2048K)
 Metaspace       used 2590K, capacity 5675K, committed 5760K, reserved 262144K
  class space    used 331K, capacity 637K, committed 640K, reserved 253952K
}
Event: 1.026 GC heap before
{Heap before GC invocations=1 (full 0):
 garbage-first heap   total 262144K, used 18600K [0x00000000e0000000, 0x0000000100000000)
  region size 1024K, 13 young (13312K), 2 survivors (2048K)
 Metaspace       used 3878K, capacity 6593K, committed 6784K, reserved 262144K
  class space    used 508K, capacity 772K, committed 896K, reserved 253952K
}
Event: 1.030 GC heap after
{Heap after GC invocations=2 (full 0):
 garbage-first heap   total 262144K, used 7856K [0x00000000e0000000, 0x0000000100000000)
  region size 1024K, 1 young (1024K), 1 survivors (1024K)
 Metaspace       used 3878K, capacity 6593K, committed 6784K, reserved 262144K
  class space    used 508K, capacity 772K, committed 896K, reserved 253952K
}
Event: 1.759 GC heap before
{Heap before GC invocations=2 (full 0):
 garbage-first heap   total 262144K, used 38576K [0x00000000e0000000, 0x0000000100000000)
  region size 1024K, 31 young (31744K), 1 survivors (1024K)
 Metaspace       used 5387K, capacity 7481K, committed 7680K, reserved 262144K
  class space    used 745K, capacity 986K, committed 1024K, reserved 253952K
}
Event: 1.764 GC heap after
{Heap after GC invocations=3 (full 0):
 garbage-first heap   total 262144K, used 13065K [0x00000000e0000000, 0x0000000100000000)
  region size 1024K, 4 young (4096K), 4 survivors (4096K)
 Metaspace       used 5387K, capacity 7481K, committed 7680K, reserved 262144K
  class space    used 745K, capacity 986K, committed 1024K, reserved 253952K
}
Event: 3.134 GC heap before
{Heap before GC invocations=3 (full 0):
 garbage-first heap   total 262144K, used 56073K [0x00000000e0000000, 0x0000000100000000)
  region size 1024K, 46 young (47104K), 4 survivors (4096K)
 Metaspace       used 12742K, capacity 13203K, committed 13440K, reserved 266240K
  class space    used 1888K, capacity 2050K, committed 2176K, reserved 253952K
}
Event: 3.141 GC heap after
{Heap after GC invocations=4 (full 0):
 garbage-first heap   total 262144K, used 15304K [0x00000000e0000000, 0x0000000100000000)
  region size 1024K, 3 young (3072K), 3 survivors (3072K)
 Metaspace       used 12742K, capacity 13203K, committed 13440K, reserved 266240K
  class space    used 1888K, capacity 2050K, committed 2176K, reserved 253952K
}

