# JRE version: Java(TM) SE Runtime Environment (11.0.3+12) (build 11.0.3+12-LTS)
# Java VM: Java HotSpot(TM) 64-Bit Server VM (11.0.3+12-LTS, mixed mode, tiered, compressed oops, g1 gc, windows-amd64)
Heap:
 garbage-first heap   total 262144K, used 24660K [0x00000000e0000000, 0x0000000100000000)
  region size 1024K, 13 young (13312K), 7 survivors (7168K)
 Metaspace       used 32157K, capacity 32607K, committed 32768K, reserved 282624K
  class space    used 4057K, capacity 4255K, committed 4352K, reserved 253952K
GC Heap History (10 events):
Event: 0.983 GC heap before
{Heap before GC invocations=1 (full 0):
 garbage-first heap   total 262144K, used 20567K [0x00000000e0000000, 0x0000000100000000)
  region size 1024K, 15 young (15360K), 2 survivors (2048K)
 Metaspace       used 10719K, capacity 10922K, committed 11008K, reserved 264192K
  class space    used 1131K, capacity 1195K, committed 1280K, reserved 253952K
}
Event: 0.986 GC heap after
{Heap after GC invocations=2 (full 0):
 garbage-first heap   total 262144K, used 7791K [0x00000000e0000000, 0x0000000100000000)
  region size 1024K, 1 young (1024K), 1 survivors (1024K)
 Metaspace       used 10719K, capacity 10922K, committed 11008K, reserved 264192K
  class space    used 1131K, capacity 1195K, committed 1280K, reserved 253952K
}
Event: 1.617 GC heap before
{Heap before GC invocations=2 (full 0):
 garbage-first heap   total 262144K, used 38511K [0x00000000e0000000, 0x0000000100000000)
  region size 1024K, 31 young (31744K), 1 survivors (1024K)
 Metaspace       used 13436K, capacity 13756K, committed 13952K, reserved 266240K
  class space    used 1503K, capacity 1611K, committed 1664K, reserved 253952K
}
Event: 1.623 GC heap after
{Heap after GC invocations=3 (full 0):
 garbage-first heap   total 262144K, used 13164K [0x00000000e0000000, 0x0000000100000000)
  region size 1024K, 4 young (4096K), 4 survivors (4096K)
 Metaspace       used 13436K, capacity 13756K, committed 13952K, reserved 266240K
  class space    used 1503K, capacity 1611K, committed 1664K, reserved 253952K
}
Event: 2.952 GC heap before
{Heap before GC invocations=3 (full 0):
 garbage-first heap   total 262144K, used 55148K [0x00000000e0000000, 0x0000000100000000)
  region size 1024K, 45 young (46080K), 4 survivors (4096K)
 Metaspace       used 20489K, capacity 20900K, committed 21248K, reserved 272384K
  class space    used 2590K, capacity 2721K, committed 2816K, reserved 253952K
}
Event: 2.959 GC heap after
{Heap after GC invocations=4 (full 0):
 garbage-first heap   total 262144K, used 15242K [0x00000000e0000000, 0x0000000100000000)
  region size 1024K, 3 young (3072K), 3 survivors (3072K)
 Metaspace       used 20489K, capacity 20900K, committed 21248K, reserved 272384K
  class space    used 2590K, capacity 2721K, committed 2816K, reserved 253952K
}
Event: 2.985 GC heap before
{Heap before GC invocations=4 (full 0):
 garbage-first heap   total 262144K, used 16266K [0x00000000e0000000, 0x0000000100000000)
  region size 1024K, 5 young (5120K), 3 survivors (3072K)
 Metaspace       used 20785K, capacity 21165K, committed 21248K, reserved 272384K
  class space    used 2626K, capacity 2788K, committed 2816K, reserved 253952K
}
Event: 2.989 GC heap after
{Heap after GC invocations=5 (full 0):
 garbage-first heap   total 262144K, used 15503K [0x00000000e0000000, 0x0000000100000000)
  region size 1024K, 3 young (3072K), 3 survivors (3072K)
 Metaspace       used 20785K, capacity 21165K, committed 21248K, reserved 272384K
  class space    used 2626K, capacity 2788K, committed 2816K, reserved 253952K
}
Event: 4.158 GC heap before
{Heap before GC invocations=6 (full 0):
 garbage-first heap   total 262144K, used 74895K [0x00000000e0000000, 0x0000000100000000)
  region size 1024K, 62 young (63488K), 3 survivors (3072K)
 Metaspace       used 31619K, capacity 32063K, committed 32128K, reserved 282624K
  class space    used 3974K, capacity 4159K, committed 4224K, reserved 253952K
}
Event: 4.169 GC heap after
{Heap after GC invocations=7 (full 0):
 garbage-first heap   total 262144K, used 19540K [0x00000000e0000000, 0x0000000100000000)
  region size 1024K, 7 young (7168K), 7 survivors (7168K)
 Metaspace       used 31619K, capacity 32063K, committed 32128K, reserved 282624K
  class space    used 3974K, capacity 4159K, committed 4224K, reserved 253952K
}

